{"numFailedTestSuites":1,"numFailedTests":1,"numPassedTestSuites":0,"numPassedTests":1,"numPendingTestSuites":0,"numPendingTests":0,"numRuntimeErrorTestSuites":0,"numTotalTestSuites":1,"numTotalTests":2,"openHandles":[],"snapshot":{"added":0,"didUpdate":false,"failure":false,"filesAdded":0,"filesRemoved":0,"filesUnmatched":0,"filesUpdated":0,"matched":0,"total":0,"unchecked":0,"uncheckedKeysByFile":[],"unmatched":0,"updated":0},"startTime":1539251708770,"success":false,"testResults":[{"console":null,"failureMessage":"  ● Fruit state property should be updated when changing selection in the dropdown\n\n    Method “props” is only meant to be run on a single node. 0 found instead.\n\n      18 |     // get the last fruit option\n      19 |     let options = wrapper.find('option'); \n    > 20 |     let optionValue = options.at(1).prop('value');\n         |                                     ^\n      21 |     wrapper.find('.option-menu').simulate('change', {target: {value: optionValue}});\n      22 |     expect(wrapper.state('fruit')).toEqual(optionValue);\n      23 | });\n\n      at ReactWrapper.single (node_modules/enzyme/build/ReactWrapper.js:1638:17)\n      at ReactWrapper.props (node_modules/enzyme/build/ReactWrapper.js:976:21)\n      at ReactWrapper.prop (node_modules/enzyme/build/ReactWrapper.js:1170:21)\n      at Object.prop (.test/ex-2.test.js:20:37)\n","numFailingTests":1,"numPassingTests":1,"numPendingTests":0,"perfStats":{"end":1539251710275,"start":1539251709268},"snapshot":{"added":0,"fileDeleted":false,"matched":0,"unchecked":0,"unmatched":0,"updated":0,"uncheckedKeys":[]},"testFilePath":"/home/codio/workspace/.test/ex-2.test.js","testResults":[{"ancestorTitles":[],"duration":19,"failureMessages":[],"fullName":"Application should render without crashing","location":null,"numPassingAsserts":0,"status":"passed","title":"Application should render without crashing"},{"ancestorTitles":[],"duration":18,"failureMessages":["Error: Method “props” is only meant to be run on a single node. 0 found instead.\n    at ReactWrapper.single (/home/codio/workspace/node_modules/enzyme/build/ReactWrapper.js:1638:17)\n    at ReactWrapper.props (/home/codio/workspace/node_modules/enzyme/build/ReactWrapper.js:976:21)\n    at ReactWrapper.prop (/home/codio/workspace/node_modules/enzyme/build/ReactWrapper.js:1170:21)\n    at Object.prop (/home/codio/workspace/.test/ex-2.test.js:20:37)\n    at Object.asyncJestTest (/home/codio/workspace/node_modules/jest-jasmine2/build/jasmine_async.js:108:37)\n    at resolve (/home/codio/workspace/node_modules/jest-jasmine2/build/queue_runner.js:56:12)\n    at new Promise (<anonymous>)\n    at mapper (/home/codio/workspace/node_modules/jest-jasmine2/build/queue_runner.js:43:19)\n    at promise.then (/home/codio/workspace/node_modules/jest-jasmine2/build/queue_runner.js:87:41)\n    at <anonymous>\n    at process._tickCallback (internal/process/next_tick.js:188:7)"],"fullName":"Fruit state property should be updated when changing selection in the dropdown","location":null,"numPassingAsserts":0,"status":"failed","title":"Fruit state property should be updated when changing selection in the dropdown"}],"sourceMaps":{},"skipped":false,"leaks":false}],"wasInterrupted":false}